<?xml version="1.0" encoding="UTF-8"?>
<testng-results ignored="0" total="1" passed="1" failed="0" skipped="0">
  <reporter-output>
  </reporter-output>
  <suite started-at="2026-05-14T00:35:57 IST" name="API Suite" finished-at="2026-05-14T00:36:00 IST" duration-ms="2260">
    <groups>
    </groups>
    <test started-at="2026-05-14T00:35:57 IST" name="Pet Tests" finished-at="2026-05-14T00:36:00 IST" duration-ms="2260">
      <class name="tests.PetTests">
        <test-method is-config="true" signature="setup()[pri:0, instance:tests.PetTests@17497425]" started-at="2026-05-14T00:35:57 IST" name="setup" finished-at="2026-05-14T00:35:58 IST" duration-ms="170" status="PASS">
          <reporter-output>
          </reporter-output>
        </test-method> <!-- setup -->
        <test-method signature="getPetTest()[pri:0, instance:tests.PetTests@17497425]" started-at="2026-05-14T00:35:58 IST" name="getPetTest" finished-at="2026-05-14T00:36:00 IST" duration-ms="2049" status="PASS">
          <reporter-output>
          </reporter-output>
        </test-method> <!-- getPetTest -->
      </class> <!-- tests.PetTests -->
    </test> <!-- Pet Tests -->
  </suite> <!-- API Suite -->
</testng-results>
